<?xml version="1.0" encoding="UTF-8"?>
<robot generator="Robot 4.1.3 (Python 3.11.0a5 on darwin)" generated="20220327 21:40:43.258" rpa="false" schemaversion="2">
<suite id="s1" name="Tests" source="/Users/feliciaauthersthol/PycharmProjects/AutoLabb2/Tests">
<suite id="s1-s1" name="Webtest" source="/Users/feliciaauthersthol/PycharmProjects/AutoLabb2/Tests/webtest.robot">
<kw name="Begin Web Test" library="keywords" type="SETUP">
<kw name="Open Browser" library="SeleniumLibrary">
<arg>about:blank</arg>
<arg>${BROWSER}</arg>
<doc>Opens a new browser instance to the optional ``url``.</doc>
<msg timestamp="20220327 21:40:43.375" level="INFO">Opening browser 'headlesschrome' to base url 'about:blank'.</msg>
<status status="PASS" starttime="20220327 21:40:43.374" endtime="20220327 21:40:45.036"/>
</kw>
<kw name="Maximize Browser Window" library="SeleniumLibrary">
<doc>Maximizes current browser window.</doc>
<status status="PASS" starttime="20220327 21:40:45.036" endtime="20220327 21:40:45.139"/>
</kw>
<status status="PASS" starttime="20220327 21:40:43.374" endtime="20220327 21:40:45.140"/>
</kw>
<test id="s1-s1-t1" name="User Can Click On Logo And Divert To Start Page">
<kw name="Go To Web Page" library="keywords">
<kw name="Load Page" library="keywords">
<kw name="Go To" library="SeleniumLibrary">
<arg>${URL}</arg>
<doc>Navigates the current browser window to the provided ``url``.</doc>
<msg timestamp="20220327 21:40:45.140" level="INFO">Opening url 'http://rental13.infotiv.net/webpage/html/gui/index.php'</msg>
<status status="PASS" starttime="20220327 21:40:45.140" endtime="20220327 21:40:45.408"/>
</kw>
<status status="PASS" starttime="20220327 21:40:45.140" endtime="20220327 21:40:45.408"/>
</kw>
<kw name="Verify Page Loaded" library="keywords">
<kw name="Wait Until Page Contains" library="SeleniumLibrary">
<arg>Infotiv Car Rental</arg>
<doc>Waits until ``text`` appears on the current page.</doc>
<status status="PASS" starttime="20220327 21:40:45.408" endtime="20220327 21:40:45.417"/>
</kw>
<status status="PASS" starttime="20220327 21:40:45.408" endtime="20220327 21:40:45.417"/>
</kw>
<status status="PASS" starttime="20220327 21:40:45.140" endtime="20220327 21:40:45.417"/>
</kw>
<kw name="Click On Logo" library="keywords">
<kw name="Click Element" library="SeleniumLibrary">
<arg>//*[@id="logo"]</arg>
<doc>Click the element identified by ``locator``.</doc>
<msg timestamp="20220327 21:40:45.418" level="INFO">Clicking element '//*[@id="logo"]'.</msg>
<status status="PASS" starttime="20220327 21:40:45.417" endtime="20220327 21:40:45.488"/>
</kw>
<status status="PASS" starttime="20220327 21:40:45.417" endtime="20220327 21:40:45.488"/>
</kw>
<kw name="Verify Current URL is startpage" library="keywords">
<kw name="Location Should Be" library="SeleniumLibrary">
<arg>${URL}</arg>
<doc>Verifies that the current URL is exactly ``url``.</doc>
<msg timestamp="20220327 21:40:45.491" level="INFO">Current location is 'http://rental13.infotiv.net/webpage/html/gui/index.php'.</msg>
<status status="PASS" starttime="20220327 21:40:45.489" endtime="20220327 21:40:45.491"/>
</kw>
<status status="PASS" starttime="20220327 21:40:45.488" endtime="20220327 21:40:45.491"/>
</kw>
<doc>This test case verifies the logo are clickable and will take user to the start page.</doc>
<tag>Header</tag>
<status status="PASS" starttime="20220327 21:40:45.140" endtime="20220327 21:40:45.491"/>
</test>
<test id="s1-s1-t2" name="User Can Click Logo On Booking Page And Divert To Start Page">
<kw name="Verify On Booking Page" library="keywords">
<kw name="Location Should Be" library="SeleniumLibrary">
<arg>${URLBOOKING}</arg>
<doc>Verifies that the current URL is exactly ``url``.</doc>
<msg timestamp="20220327 21:40:45.496" level="INFO">Current location is 'http://rental13.infotiv.net/webpage/html/gui/index.php'.</msg>
<status status="PASS" starttime="20220327 21:40:45.491" endtime="20220327 21:40:45.496"/>
</kw>
<status status="PASS" starttime="20220327 21:40:45.491" endtime="20220327 21:40:45.496"/>
</kw>
<kw name="Click On Logo" library="keywords">
<kw name="Click Element" library="SeleniumLibrary">
<arg>//*[@id="logo"]</arg>
<doc>Click the element identified by ``locator``.</doc>
<msg timestamp="20220327 21:40:45.497" level="INFO">Clicking element '//*[@id="logo"]'.</msg>
<status status="PASS" starttime="20220327 21:40:45.497" endtime="20220327 21:40:45.560"/>
</kw>
<status status="PASS" starttime="20220327 21:40:45.496" endtime="20220327 21:40:45.560"/>
</kw>
<kw name="Verify Current URL is startpage" library="keywords">
<kw name="Location Should Be" library="SeleniumLibrary">
<arg>${URL}</arg>
<doc>Verifies that the current URL is exactly ``url``.</doc>
<msg timestamp="20220327 21:40:45.562" level="INFO">Current location is 'http://rental13.infotiv.net/webpage/html/gui/index.php'.</msg>
<status status="PASS" starttime="20220327 21:40:45.560" endtime="20220327 21:40:45.562"/>
</kw>
<status status="PASS" starttime="20220327 21:40:45.560" endtime="20220327 21:40:45.562"/>
</kw>
<doc>This test case verifies the logo are clickable and will take user to the start page.</doc>
<tag>Header</tag>
<status status="PASS" starttime="20220327 21:40:45.491" endtime="20220327 21:40:45.563"/>
</test>
<test id="s1-s1-t3" name="User Can Click Logo Confirm Booking Page And Divert To Start Page">
<kw name="Verify On Confirm Booking Page" library="keywords">
<kw name="Go To" library="SeleniumLibrary">
<arg>${URLCONFIRMBOOKING}</arg>
<doc>Navigates the current browser window to the provided ``url``.</doc>
<msg timestamp="20220327 21:40:45.563" level="INFO">Opening url 'http://rental13.infotiv.net/webpage/html/gui/confirmBook.php'</msg>
<status status="PASS" starttime="20220327 21:40:45.563" endtime="20220327 21:40:45.601"/>
</kw>
<status status="PASS" starttime="20220327 21:40:45.563" endtime="20220327 21:40:45.601"/>
</kw>
<kw name="Click On Logo" library="keywords">
<kw name="Click Element" library="SeleniumLibrary">
<arg>//*[@id="logo"]</arg>
<doc>Click the element identified by ``locator``.</doc>
<msg timestamp="20220327 21:40:45.601" level="INFO">Clicking element '//*[@id="logo"]'.</msg>
<status status="PASS" starttime="20220327 21:40:45.601" endtime="20220327 21:40:45.648"/>
</kw>
<status status="PASS" starttime="20220327 21:40:45.601" endtime="20220327 21:40:45.648"/>
</kw>
<kw name="Verify Current URL is startpage" library="keywords">
<kw name="Location Should Be" library="SeleniumLibrary">
<arg>${URL}</arg>
<doc>Verifies that the current URL is exactly ``url``.</doc>
<msg timestamp="20220327 21:40:45.649" level="INFO">Current location is 'http://rental13.infotiv.net/webpage/html/gui/index.php'.</msg>
<status status="PASS" starttime="20220327 21:40:45.648" endtime="20220327 21:40:45.649"/>
</kw>
<status status="PASS" starttime="20220327 21:40:45.648" endtime="20220327 21:40:45.650"/>
</kw>
<doc>This test case verifies the logo are clickable and will take user to the start page.</doc>
<tag>Header</tag>
<status status="PASS" starttime="20220327 21:40:45.563" endtime="20220327 21:40:45.650"/>
</test>
<test id="s1-s1-t4" name="User Can Click Logo On Show Car Page And Divert To Start Page">
<kw name="Verify On Show Car Page" library="keywords">
<kw name="Go To" library="SeleniumLibrary">
<arg>${URLSHOWCAR}</arg>
<doc>Navigates the current browser window to the provided ``url``.</doc>
<msg timestamp="20220327 21:40:45.650" level="INFO">Opening url 'http://rental13.infotiv.net/webpage/html/gui/showCars.php'</msg>
<status status="PASS" starttime="20220327 21:40:45.650" endtime="20220327 21:40:45.766"/>
</kw>
<status status="PASS" starttime="20220327 21:40:45.650" endtime="20220327 21:40:45.766"/>
</kw>
<kw name="Click On Logo" library="keywords">
<kw name="Click Element" library="SeleniumLibrary">
<arg>//*[@id="logo"]</arg>
<doc>Click the element identified by ``locator``.</doc>
<msg timestamp="20220327 21:40:45.766" level="INFO">Clicking element '//*[@id="logo"]'.</msg>
<status status="PASS" starttime="20220327 21:40:45.766" endtime="20220327 21:40:45.816"/>
</kw>
<status status="PASS" starttime="20220327 21:40:45.766" endtime="20220327 21:40:45.816"/>
</kw>
<kw name="Verify Current URL is startpage" library="keywords">
<kw name="Location Should Be" library="SeleniumLibrary">
<arg>${URL}</arg>
<doc>Verifies that the current URL is exactly ``url``.</doc>
<msg timestamp="20220327 21:40:45.818" level="INFO">Current location is 'http://rental13.infotiv.net/webpage/html/gui/index.php'.</msg>
<status status="PASS" starttime="20220327 21:40:45.817" endtime="20220327 21:40:45.818"/>
</kw>
<status status="PASS" starttime="20220327 21:40:45.816" endtime="20220327 21:40:45.818"/>
</kw>
<doc>This test case verifies the logo are clickable and will take user to the start page.</doc>
<tag>Header</tag>
<status status="PASS" starttime="20220327 21:40:45.650" endtime="20220327 21:40:45.818"/>
</test>
<test id="s1-s1-t5" name="User Can Click Logo On MyPage And Divert To Start Page">
<kw name="Verify On MyPage" library="keywords">
<kw name="Go To" library="SeleniumLibrary">
<arg>${URLMYPAGE}</arg>
<doc>Navigates the current browser window to the provided ``url``.</doc>
<msg timestamp="20220327 21:40:45.819" level="INFO">Opening url 'http://rental13.infotiv.net/webpage/html/gui/myPage.php'</msg>
<status status="PASS" starttime="20220327 21:40:45.819" endtime="20220327 21:40:45.857"/>
</kw>
<status status="PASS" starttime="20220327 21:40:45.819" endtime="20220327 21:40:45.857"/>
</kw>
<kw name="Click On Logo" library="keywords">
<kw name="Click Element" library="SeleniumLibrary">
<arg>//*[@id="logo"]</arg>
<doc>Click the element identified by ``locator``.</doc>
<msg timestamp="20220327 21:40:45.857" level="INFO">Clicking element '//*[@id="logo"]'.</msg>
<status status="PASS" starttime="20220327 21:40:45.857" endtime="20220327 21:40:45.911"/>
</kw>
<status status="PASS" starttime="20220327 21:40:45.857" endtime="20220327 21:40:45.911"/>
</kw>
<kw name="Verify Current URL is startpage" library="keywords">
<kw name="Location Should Be" library="SeleniumLibrary">
<arg>${URL}</arg>
<doc>Verifies that the current URL is exactly ``url``.</doc>
<msg timestamp="20220327 21:40:45.913" level="INFO">Current location is 'http://rental13.infotiv.net/webpage/html/gui/index.php'.</msg>
<status status="PASS" starttime="20220327 21:40:45.912" endtime="20220327 21:40:45.913"/>
</kw>
<status status="PASS" starttime="20220327 21:40:45.912" endtime="20220327 21:40:45.914"/>
</kw>
<doc>This test case verifies the logo are clickable and will take user to the start page.</doc>
<tag>Header</tag>
<status status="PASS" starttime="20220327 21:40:45.819" endtime="20220327 21:40:45.914"/>
</test>
<test id="s1-s1-t6" name="User Can Click On Title And Divert To Start Page">
<kw name="Go To Web Page" library="keywords">
<kw name="Load Page" library="keywords">
<kw name="Go To" library="SeleniumLibrary">
<arg>${URL}</arg>
<doc>Navigates the current browser window to the provided ``url``.</doc>
<msg timestamp="20220327 21:40:45.914" level="INFO">Opening url 'http://rental13.infotiv.net/webpage/html/gui/index.php'</msg>
<status status="PASS" starttime="20220327 21:40:45.914" endtime="20220327 21:40:45.954"/>
</kw>
<status status="PASS" starttime="20220327 21:40:45.914" endtime="20220327 21:40:45.954"/>
</kw>
<kw name="Verify Page Loaded" library="keywords">
<kw name="Wait Until Page Contains" library="SeleniumLibrary">
<arg>Infotiv Car Rental</arg>
<doc>Waits until ``text`` appears on the current page.</doc>
<status status="PASS" starttime="20220327 21:40:45.954" endtime="20220327 21:40:45.958"/>
</kw>
<status status="PASS" starttime="20220327 21:40:45.954" endtime="20220327 21:40:45.958"/>
</kw>
<status status="PASS" starttime="20220327 21:40:45.914" endtime="20220327 21:40:45.958"/>
</kw>
<kw name="Click On Title" library="keywords">
<kw name="Click Element" library="SeleniumLibrary">
<arg>//*[@id="title"]</arg>
<doc>Click the element identified by ``locator``.</doc>
<msg timestamp="20220327 21:40:45.958" level="INFO">Clicking element '//*[@id="title"]'.</msg>
<status status="PASS" starttime="20220327 21:40:45.958" endtime="20220327 21:40:46.015"/>
</kw>
<status status="PASS" starttime="20220327 21:40:45.958" endtime="20220327 21:40:46.016"/>
</kw>
<kw name="Verify Current URL is startpage" library="keywords">
<kw name="Location Should Be" library="SeleniumLibrary">
<arg>${URL}</arg>
<doc>Verifies that the current URL is exactly ``url``.</doc>
<msg timestamp="20220327 21:40:46.017" level="INFO">Current location is 'http://rental13.infotiv.net/webpage/html/gui/index.php'.</msg>
<status status="PASS" starttime="20220327 21:40:46.016" endtime="20220327 21:40:46.017"/>
</kw>
<status status="PASS" starttime="20220327 21:40:46.016" endtime="20220327 21:40:46.017"/>
</kw>
<doc>This test case verifies the title are clickable and will take user to the start page.</doc>
<tag>Header</tag>
<status status="PASS" starttime="20220327 21:40:45.914" endtime="20220327 21:40:46.017"/>
</test>
<test id="s1-s1-t7" name="User Can Click Title On Booking Page And Divert To Start Page">
<kw name="Verify On Booking Page" library="keywords">
<kw name="Location Should Be" library="SeleniumLibrary">
<arg>${URLBOOKING}</arg>
<doc>Verifies that the current URL is exactly ``url``.</doc>
<msg timestamp="20220327 21:40:46.020" level="INFO">Current location is 'http://rental13.infotiv.net/webpage/html/gui/index.php'.</msg>
<status status="PASS" starttime="20220327 21:40:46.018" endtime="20220327 21:40:46.020"/>
</kw>
<status status="PASS" starttime="20220327 21:40:46.018" endtime="20220327 21:40:46.020"/>
</kw>
<kw name="Click On Title" library="keywords">
<kw name="Click Element" library="SeleniumLibrary">
<arg>//*[@id="title"]</arg>
<doc>Click the element identified by ``locator``.</doc>
<msg timestamp="20220327 21:40:46.020" level="INFO">Clicking element '//*[@id="title"]'.</msg>
<status status="PASS" starttime="20220327 21:40:46.020" endtime="20220327 21:40:46.068"/>
</kw>
<status status="PASS" starttime="20220327 21:40:46.020" endtime="20220327 21:40:46.068"/>
</kw>
<kw name="Verify Current URL is startpage" library="keywords">
<kw name="Location Should Be" library="SeleniumLibrary">
<arg>${URL}</arg>
<doc>Verifies that the current URL is exactly ``url``.</doc>
<msg timestamp="20220327 21:40:46.069" level="INFO">Current location is 'http://rental13.infotiv.net/webpage/html/gui/index.php'.</msg>
<status status="PASS" starttime="20220327 21:40:46.068" endtime="20220327 21:40:46.069"/>
</kw>
<status status="PASS" starttime="20220327 21:40:46.068" endtime="20220327 21:40:46.069"/>
</kw>
<doc>This test case verifies the logo are clickable and will take user to the start page.</doc>
<tag>Header</tag>
<status status="PASS" starttime="20220327 21:40:46.018" endtime="20220327 21:40:46.069"/>
</test>
<test id="s1-s1-t8" name="User Can Click Title Confirm Booking Page And Divert To Start Page">
<kw name="Verify On Confirm Booking Page" library="keywords">
<kw name="Go To" library="SeleniumLibrary">
<arg>${URLCONFIRMBOOKING}</arg>
<doc>Navigates the current browser window to the provided ``url``.</doc>
<msg timestamp="20220327 21:40:46.070" level="INFO">Opening url 'http://rental13.infotiv.net/webpage/html/gui/confirmBook.php'</msg>
<status status="PASS" starttime="20220327 21:40:46.070" endtime="20220327 21:40:46.100"/>
</kw>
<status status="PASS" starttime="20220327 21:40:46.070" endtime="20220327 21:40:46.100"/>
</kw>
<kw name="Click On Title" library="keywords">
<kw name="Click Element" library="SeleniumLibrary">
<arg>//*[@id="title"]</arg>
<doc>Click the element identified by ``locator``.</doc>
<msg timestamp="20220327 21:40:46.101" level="INFO">Clicking element '//*[@id="title"]'.</msg>
<status status="PASS" starttime="20220327 21:40:46.101" endtime="20220327 21:40:46.160"/>
</kw>
<status status="PASS" starttime="20220327 21:40:46.101" endtime="20220327 21:40:46.161"/>
</kw>
<kw name="Verify Current URL is startpage" library="keywords">
<kw name="Location Should Be" library="SeleniumLibrary">
<arg>${URL}</arg>
<doc>Verifies that the current URL is exactly ``url``.</doc>
<msg timestamp="20220327 21:40:46.163" level="INFO">Current location is 'http://rental13.infotiv.net/webpage/html/gui/index.php'.</msg>
<status status="PASS" starttime="20220327 21:40:46.161" endtime="20220327 21:40:46.163"/>
</kw>
<status status="PASS" starttime="20220327 21:40:46.161" endtime="20220327 21:40:46.163"/>
</kw>
<doc>This test case verifies the logo are clickable and will take user to the start page.</doc>
<tag>Header</tag>
<status status="PASS" starttime="20220327 21:40:46.070" endtime="20220327 21:40:46.163"/>
</test>
<test id="s1-s1-t9" name="User Can Click Title On Show Car Page And Divert To Start Page">
<kw name="Verify On Show Car Page" library="keywords">
<kw name="Go To" library="SeleniumLibrary">
<arg>${URLSHOWCAR}</arg>
<doc>Navigates the current browser window to the provided ``url``.</doc>
<msg timestamp="20220327 21:40:46.164" level="INFO">Opening url 'http://rental13.infotiv.net/webpage/html/gui/showCars.php'</msg>
<status status="PASS" starttime="20220327 21:40:46.164" endtime="20220327 21:40:46.208"/>
</kw>
<status status="PASS" starttime="20220327 21:40:46.164" endtime="20220327 21:40:46.209"/>
</kw>
<kw name="Click On Title" library="keywords">
<kw name="Click Element" library="SeleniumLibrary">
<arg>//*[@id="title"]</arg>
<doc>Click the element identified by ``locator``.</doc>
<msg timestamp="20220327 21:40:46.209" level="INFO">Clicking element '//*[@id="title"]'.</msg>
<status status="PASS" starttime="20220327 21:40:46.209" endtime="20220327 21:40:46.257"/>
</kw>
<status status="PASS" starttime="20220327 21:40:46.209" endtime="20220327 21:40:46.257"/>
</kw>
<kw name="Verify Current URL is startpage" library="keywords">
<kw name="Location Should Be" library="SeleniumLibrary">
<arg>${URL}</arg>
<doc>Verifies that the current URL is exactly ``url``.</doc>
<msg timestamp="20220327 21:40:46.260" level="INFO">Current location is 'http://rental13.infotiv.net/webpage/html/gui/index.php'.</msg>
<status status="PASS" starttime="20220327 21:40:46.258" endtime="20220327 21:40:46.260"/>
</kw>
<status status="PASS" starttime="20220327 21:40:46.258" endtime="20220327 21:40:46.260"/>
</kw>
<doc>This test case verifies the logo are clickable and will take user to the start page.</doc>
<tag>Header</tag>
<status status="PASS" starttime="20220327 21:40:46.163" endtime="20220327 21:40:46.260"/>
</test>
<test id="s1-s1-t10" name="User Can Click Title On MyPage And Divert To Start Page">
<kw name="Verify On MyPage" library="keywords">
<kw name="Go To" library="SeleniumLibrary">
<arg>${URLMYPAGE}</arg>
<doc>Navigates the current browser window to the provided ``url``.</doc>
<msg timestamp="20220327 21:40:46.261" level="INFO">Opening url 'http://rental13.infotiv.net/webpage/html/gui/myPage.php'</msg>
<status status="PASS" starttime="20220327 21:40:46.261" endtime="20220327 21:40:46.292"/>
</kw>
<status status="PASS" starttime="20220327 21:40:46.261" endtime="20220327 21:40:46.292"/>
</kw>
<kw name="Click On Title" library="keywords">
<kw name="Click Element" library="SeleniumLibrary">
<arg>//*[@id="title"]</arg>
<doc>Click the element identified by ``locator``.</doc>
<msg timestamp="20220327 21:40:46.293" level="INFO">Clicking element '//*[@id="title"]'.</msg>
<status status="PASS" starttime="20220327 21:40:46.293" endtime="20220327 21:40:46.337"/>
</kw>
<status status="PASS" starttime="20220327 21:40:46.292" endtime="20220327 21:40:46.337"/>
</kw>
<kw name="Verify Current URL is startpage" library="keywords">
<kw name="Location Should Be" library="SeleniumLibrary">
<arg>${URL}</arg>
<doc>Verifies that the current URL is exactly ``url``.</doc>
<msg timestamp="20220327 21:40:46.339" level="INFO">Current location is 'http://rental13.infotiv.net/webpage/html/gui/index.php'.</msg>
<status status="PASS" starttime="20220327 21:40:46.338" endtime="20220327 21:40:46.339"/>
</kw>
<status status="PASS" starttime="20220327 21:40:46.337" endtime="20220327 21:40:46.339"/>
</kw>
<doc>This test case verifies the logo are clickable and will take user to the start page.</doc>
<tag>Header</tag>
<status status="PASS" starttime="20220327 21:40:46.260" endtime="20220327 21:40:46.339"/>
</test>
<test id="s1-s1-t11" name="Verify Start Date In Date Selection">
<kw name="Go To Web Page" library="keywords">
<kw name="Load Page" library="keywords">
<kw name="Go To" library="SeleniumLibrary">
<arg>${URL}</arg>
<doc>Navigates the current browser window to the provided ``url``.</doc>
<msg timestamp="20220327 21:40:46.340" level="INFO">Opening url 'http://rental13.infotiv.net/webpage/html/gui/index.php'</msg>
<status status="PASS" starttime="20220327 21:40:46.340" endtime="20220327 21:40:46.375"/>
</kw>
<status status="PASS" starttime="20220327 21:40:46.340" endtime="20220327 21:40:46.375"/>
</kw>
<kw name="Verify Page Loaded" library="keywords">
<kw name="Wait Until Page Contains" library="SeleniumLibrary">
<arg>Infotiv Car Rental</arg>
<doc>Waits until ``text`` appears on the current page.</doc>
<status status="PASS" starttime="20220327 21:40:46.375" endtime="20220327 21:40:46.379"/>
</kw>
<status status="PASS" starttime="20220327 21:40:46.375" endtime="20220327 21:40:46.379"/>
</kw>
<status status="PASS" starttime="20220327 21:40:46.340" endtime="20220327 21:40:46.379"/>
</kw>
<kw name="Verify Earliest Selectable Date Is Today" library="keywords">
<kw name="Get Current Date" library="DateTime">
<var>${CurrentDate}</var>
<arg>result_format=%Y-%m-%d</arg>
<doc>Returns current local or UTC time with an optional increment.</doc>
<msg timestamp="20220327 21:40:46.380" level="INFO">${CurrentDate} = 2022-03-27</msg>
<status status="PASS" starttime="20220327 21:40:46.380" endtime="20220327 21:40:46.380"/>
</kw>
<kw name="Get Element Attribute" library="SeleniumLibrary">
<var>${EarliestDate}</var>
<arg>id:start</arg>
<arg>min</arg>
<doc>Returns the value of ``attribute`` from the element ``locator``.</doc>
<msg timestamp="20220327 21:40:46.393" level="INFO">${EarliestDate} = 2022-03-27</msg>
<status status="PASS" starttime="20220327 21:40:46.380" endtime="20220327 21:40:46.393"/>
</kw>
<kw name="Should Be Equal" library="BuiltIn">
<arg>${CurrentDate}</arg>
<arg>${EarliestDate}</arg>
<doc>Fails if the given objects are unequal.</doc>
<status status="PASS" starttime="20220327 21:40:46.394" endtime="20220327 21:40:46.394"/>
</kw>
<kw name="Log" library="BuiltIn">
<arg>${EarliestDate}</arg>
<doc>Logs the given message with the given level.</doc>
<msg timestamp="20220327 21:40:46.394" level="INFO">2022-03-27</msg>
<status status="PASS" starttime="20220327 21:40:46.394" endtime="20220327 21:40:46.394"/>
</kw>
<status status="PASS" starttime="20220327 21:40:46.380" endtime="20220327 21:40:46.394"/>
</kw>
<doc>This test case verifies the start date on date selection</doc>
<tag>Date Selection</tag>
<status status="PASS" starttime="20220327 21:40:46.339" endtime="20220327 21:40:46.394"/>
</test>
<test id="s1-s1-t12" name="Verify Booking Flow For A login User">
<kw name="Given User Is On Start Page" library="keywords">
<kw name="Verify Current URL is startpage" library="keywords">
<kw name="Location Should Be" library="SeleniumLibrary">
<arg>${URL}</arg>
<doc>Verifies that the current URL is exactly ``url``.</doc>
<msg timestamp="20220327 21:40:46.396" level="INFO">Current location is 'http://rental13.infotiv.net/webpage/html/gui/index.php'.</msg>
<status status="PASS" starttime="20220327 21:40:46.395" endtime="20220327 21:40:46.396"/>
</kw>
<status status="PASS" starttime="20220327 21:40:46.395" endtime="20220327 21:40:46.396"/>
</kw>
<kw name="Verify Login Possibility" library="keywords">
<kw name="Page Should Contain Button" library="SeleniumLibrary">
<arg>//*[@id="login"]</arg>
<doc>Verifies button ``locator`` is found from current page.</doc>
<msg timestamp="20220327 21:40:46.407" level="INFO">Current page contains button '//*[@id="login"]'.</msg>
<status status="PASS" starttime="20220327 21:40:46.397" endtime="20220327 21:40:46.407"/>
</kw>
<status status="PASS" starttime="20220327 21:40:46.396" endtime="20220327 21:40:46.407"/>
</kw>
<status status="PASS" starttime="20220327 21:40:46.395" endtime="20220327 21:40:46.407"/>
</kw>
<kw name="When User Login With Credential" library="keywords">
<kw name="Input Text" library="SeleniumLibrary">
<arg>id:email</arg>
<arg>${USER}</arg>
<doc>Types the given ``text`` into the text field identified by ``locator``.</doc>
<msg timestamp="20220327 21:40:46.407" level="INFO">Typing text 'tester@test.com' into text field 'id:email'.</msg>
<status status="PASS" starttime="20220327 21:40:46.407" endtime="20220327 21:40:46.459"/>
</kw>
<kw name="Input Text" library="SeleniumLibrary">
<arg>id:password</arg>
<arg>${PASSWORD}</arg>
<doc>Types the given ``text`` into the text field identified by ``locator``.</doc>
<msg timestamp="20220327 21:40:46.459" level="INFO">Typing text 'testing123' into text field 'id:password'.</msg>
<status status="PASS" starttime="20220327 21:40:46.459" endtime="20220327 21:40:46.491"/>
</kw>
<kw name="Click Button" library="SeleniumLibrary">
<arg>//*[@id="login"]</arg>
<doc>Clicks the button identified by ``locator``.</doc>
<msg timestamp="20220327 21:40:46.491" level="INFO">Clicking button '//*[@id="login"]'.</msg>
<status status="PASS" starttime="20220327 21:40:46.491" endtime="20220327 21:40:46.650"/>
</kw>
<kw name="Verify Successful Login" library="keywords">
<kw name="Page Should Contain Button" library="SeleniumLibrary">
<arg>//*[@id="logout"]</arg>
<doc>Verifies button ``locator`` is found from current page.</doc>
<msg timestamp="20220327 21:40:46.669" level="INFO">Current page contains button '//*[@id="logout"]'.</msg>
<status status="PASS" starttime="20220327 21:40:46.650" endtime="20220327 21:40:46.669"/>
</kw>
<status status="PASS" starttime="20220327 21:40:46.650" endtime="20220327 21:40:46.669"/>
</kw>
<kw name="Sleep" library="BuiltIn">
<arg>1s</arg>
<doc>Pauses the test executed for the given time.</doc>
<msg timestamp="20220327 21:40:47.671" level="INFO">Slept 1 second</msg>
<status status="PASS" starttime="20220327 21:40:46.670" endtime="20220327 21:40:47.672"/>
</kw>
<status status="PASS" starttime="20220327 21:40:46.407" endtime="20220327 21:40:47.672"/>
</kw>
<kw name="Then User Can Complete Booking" library="keywords">
<kw name="Verify On Booking Page" library="keywords">
<kw name="Location Should Be" library="SeleniumLibrary">
<arg>${URLBOOKING}</arg>
<doc>Verifies that the current URL is exactly ``url``.</doc>
<msg timestamp="20220327 21:40:47.679" level="INFO">Current location is 'http://rental13.infotiv.net/webpage/html/gui/index.php'.</msg>
<status status="PASS" starttime="20220327 21:40:47.674" endtime="20220327 21:40:47.680"/>
</kw>
<status status="PASS" starttime="20220327 21:40:47.673" endtime="20220327 21:40:47.680"/>
</kw>
<kw name="Click Element" library="SeleniumLibrary">
<arg>//*[@id="continue"]</arg>
<doc>Click the element identified by ``locator``.</doc>
<msg timestamp="20220327 21:40:47.680" level="INFO">Clicking element '//*[@id="continue"]'.</msg>
<status status="PASS" starttime="20220327 21:40:47.680" endtime="20220327 21:40:47.774"/>
</kw>
<kw name="Click Button" library="SeleniumLibrary">
<arg>//*[@id="bookQ7pass7"]</arg>
<doc>Clicks the button identified by ``locator``.</doc>
<msg timestamp="20220327 21:40:47.774" level="INFO">Clicking button '//*[@id="bookQ7pass7"]'.</msg>
<status status="PASS" starttime="20220327 21:40:47.774" endtime="20220327 21:40:47.907"/>
</kw>
<kw name="Sleep" library="BuiltIn">
<arg>1s</arg>
<doc>Pauses the test executed for the given time.</doc>
<msg timestamp="20220327 21:40:48.909" level="INFO">Slept 1 second</msg>
<status status="PASS" starttime="20220327 21:40:47.907" endtime="20220327 21:40:48.909"/>
</kw>
<kw name="Input Card Details" library="keywords">
<kw name="Input Text" library="SeleniumLibrary">
<arg>//*[@id="cardNum"]</arg>
<arg>1234567891011121</arg>
<doc>Types the given ``text`` into the text field identified by ``locator``.</doc>
<msg timestamp="20220327 21:40:48.912" level="INFO">Typing text '1234567891011121' into text field '//*[@id="cardNum"]'.</msg>
<status status="PASS" starttime="20220327 21:40:48.911" endtime="20220327 21:40:48.976"/>
</kw>
<kw name="Input Text" library="SeleniumLibrary">
<arg>//*[@id="fullName"]</arg>
<arg>Tammy Tester</arg>
<doc>Types the given ``text`` into the text field identified by ``locator``.</doc>
<msg timestamp="20220327 21:40:48.976" level="INFO">Typing text 'Tammy Tester' into text field '//*[@id="fullName"]'.</msg>
<status status="PASS" starttime="20220327 21:40:48.976" endtime="20220327 21:40:49.010"/>
</kw>
<kw name="Input Text" library="SeleniumLibrary">
<arg>//*[@id="cvc"]</arg>
<arg>123</arg>
<doc>Types the given ``text`` into the text field identified by ``locator``.</doc>
<msg timestamp="20220327 21:40:49.010" level="INFO">Typing text '123' into text field '//*[@id="cvc"]'.</msg>
<status status="PASS" starttime="20220327 21:40:49.010" endtime="20220327 21:40:49.038"/>
</kw>
<kw name="Sleep" library="BuiltIn">
<arg>1s</arg>
<doc>Pauses the test executed for the given time.</doc>
<msg timestamp="20220327 21:40:50.040" level="INFO">Slept 1 second</msg>
<status status="PASS" starttime="20220327 21:40:49.038" endtime="20220327 21:40:50.041"/>
</kw>
<kw name="Click Button" library="SeleniumLibrary">
<arg>//*[@id="confirm"]</arg>
<doc>Clicks the button identified by ``locator``.</doc>
<msg timestamp="20220327 21:40:50.042" level="INFO">Clicking button '//*[@id="confirm"]'.</msg>
<status status="PASS" starttime="20220327 21:40:50.041" endtime="20220327 21:40:50.148"/>
</kw>
<status status="PASS" starttime="20220327 21:40:48.910" endtime="20220327 21:40:50.148"/>
</kw>
<kw name="Sleep" library="BuiltIn">
<arg>1s</arg>
<doc>Pauses the test executed for the given time.</doc>
<msg timestamp="20220327 21:40:51.150" level="INFO">Slept 1 second</msg>
<status status="PASS" starttime="20220327 21:40:50.148" endtime="20220327 21:40:51.151"/>
</kw>
<kw name="Verify Booking Is Completed" library="keywords">
<kw name="Wait Until Page Contains Element" library="SeleniumLibrary">
<arg>id:confirmMessage</arg>
<doc>Waits until the element ``locator`` appears on the current page.</doc>
<status status="PASS" starttime="20220327 21:40:51.151" endtime="20220327 21:40:51.161"/>
</kw>
<status status="PASS" starttime="20220327 21:40:51.151" endtime="20220327 21:40:51.161"/>
</kw>
<kw name="Sleep" library="BuiltIn">
<arg>1s</arg>
<doc>Pauses the test executed for the given time.</doc>
<msg timestamp="20220327 21:40:52.162" level="INFO">Slept 1 second</msg>
<status status="PASS" starttime="20220327 21:40:51.161" endtime="20220327 21:40:52.162"/>
</kw>
<kw name="To Clear Booking Item" library="keywords">
<kw name="Click Button" library="SeleniumLibrary">
<arg>//*[@id="mypage"]</arg>
<doc>Clicks the button identified by ``locator``.</doc>
<msg timestamp="20220327 21:40:52.164" level="INFO">Clicking button '//*[@id="mypage"]'.</msg>
<status status="PASS" starttime="20220327 21:40:52.163" endtime="20220327 21:40:52.289"/>
</kw>
<kw name="Verify On MyPage" library="keywords">
<kw name="Go To" library="SeleniumLibrary">
<arg>${URLMYPAGE}</arg>
<doc>Navigates the current browser window to the provided ``url``.</doc>
<msg timestamp="20220327 21:40:52.290" level="INFO">Opening url 'http://rental13.infotiv.net/webpage/html/gui/myPage.php'</msg>
<status status="PASS" starttime="20220327 21:40:52.290" endtime="20220327 21:40:52.334"/>
</kw>
<status status="PASS" starttime="20220327 21:40:52.290" endtime="20220327 21:40:52.334"/>
</kw>
<kw name="Wait Until Page Contains Element" library="SeleniumLibrary">
<arg>//*[@id="unBook1"]</arg>
<doc>Waits until the element ``locator`` appears on the current page.</doc>
<status status="PASS" starttime="20220327 21:40:52.335" endtime="20220327 21:40:52.344"/>
</kw>
<kw name="Click Button" library="SeleniumLibrary">
<arg>//*[@id="unBook1"]</arg>
<doc>Clicks the button identified by ``locator``.</doc>
<msg timestamp="20220327 21:40:52.345" level="INFO">Clicking button '//*[@id="unBook1"]'.</msg>
<status status="PASS" starttime="20220327 21:40:52.345" endtime="20220327 21:40:52.374"/>
</kw>
<kw name="Sleep" library="BuiltIn">
<arg>2s</arg>
<doc>Pauses the test executed for the given time.</doc>
<msg timestamp="20220327 21:40:54.375" level="INFO">Slept 2 seconds</msg>
<status status="PASS" starttime="20220327 21:40:52.374" endtime="20220327 21:40:54.375"/>
</kw>
<kw name="Handle Alert" library="SeleniumLibrary">
<arg>action=ACCEPT</arg>
<arg>timeout=2s</arg>
<doc>Handles the current alert and returns its message.</doc>
<msg timestamp="20220327 21:40:54.377" level="INFO">HANDLE::&lt;class 'datetime.timedelta'&gt;::0:00:02</msg>
<status status="PASS" starttime="20220327 21:40:54.375" endtime="20220327 21:40:54.380"/>
</kw>
<status status="PASS" starttime="20220327 21:40:52.162" endtime="20220327 21:40:54.380"/>
</kw>
<kw name="Sleep" library="BuiltIn">
<arg>1s</arg>
<doc>Pauses the test executed for the given time.</doc>
<msg timestamp="20220327 21:40:55.381" level="INFO">Slept 1 second</msg>
<status status="PASS" starttime="20220327 21:40:54.380" endtime="20220327 21:40:55.382"/>
</kw>
<kw name="Logout From Web Page" library="keywords">
<kw name="Click Button" library="SeleniumLibrary">
<arg>//*[@id="logout"]</arg>
<doc>Clicks the button identified by ``locator``.</doc>
<msg timestamp="20220327 21:40:55.384" level="INFO">Clicking button '//*[@id="logout"]'.</msg>
<status status="PASS" starttime="20220327 21:40:55.383" endtime="20220327 21:40:55.503"/>
</kw>
<status status="PASS" starttime="20220327 21:40:55.382" endtime="20220327 21:40:55.503"/>
</kw>
<status status="PASS" starttime="20220327 21:40:47.673" endtime="20220327 21:40:55.503"/>
</kw>
<doc>This test case verifies the navigation flow of the booking</doc>
<tag>VG_test</tag>
<status status="PASS" starttime="20220327 21:40:46.394" endtime="20220327 21:40:55.503"/>
</test>
<kw name="End Web Test" library="keywords" type="TEARDOWN">
<kw name="Close Browser" library="SeleniumLibrary">
<doc>Closes the current browser.</doc>
<status status="PASS" starttime="20220327 21:40:55.505" endtime="20220327 21:40:55.583"/>
</kw>
<status status="PASS" starttime="20220327 21:40:55.504" endtime="20220327 21:40:55.583"/>
</kw>
<doc>Some basic information about the whole test suite</doc>
<status status="PASS" starttime="20220327 21:40:43.268" endtime="20220327 21:40:55.583"/>
</suite>
<status status="PASS" starttime="20220327 21:40:43.259" endtime="20220327 21:40:55.585"/>
</suite>
<statistics>
<total>
<stat pass="12" fail="0" skip="0">All Tests</stat>
</total>
<tag>
<stat pass="1" fail="0" skip="0">Date Selection</stat>
<stat pass="10" fail="0" skip="0">Header</stat>
<stat pass="1" fail="0" skip="0">VG_test</stat>
</tag>
<suite>
<stat pass="12" fail="0" skip="0" id="s1" name="Tests">Tests</stat>
<stat pass="12" fail="0" skip="0" id="s1-s1" name="Webtest">Tests.Webtest</stat>
</suite>
</statistics>
<errors>
</errors>
</robot>
