<?xml version="1.0" encoding="UTF-8"?>
<robot generator="Robot 4.1.3 (Python 3.11.0a5 on darwin)" generated="20220327 18:30:52.211" rpa="false" schemaversion="2">
<suite id="s1" name="Tests" source="/Users/feliciaauthersthol/PycharmProjects/AutoLabb2/Tests">
<suite id="s1-s1" name="Webtest" source="/Users/feliciaauthersthol/PycharmProjects/AutoLabb2/Tests/webtest.robot">
<kw name="Begin Web Test" library="keywords" type="SETUP">
<kw name="Open Browser" library="SeleniumLibrary">
<arg>about:blank</arg>
<arg>${BROWSER}</arg>
<doc>Opens a new browser instance to the optional ``url``.</doc>
<msg timestamp="20220327 18:30:52.384" level="INFO">Opening browser 'headlesschrome' to base url 'about:blank'.</msg>
<status status="PASS" starttime="20220327 18:30:52.384" endtime="20220327 18:30:53.747"/>
</kw>
<kw name="Maximize Browser Window" library="SeleniumLibrary">
<doc>Maximizes current browser window.</doc>
<status status="PASS" starttime="20220327 18:30:53.748" endtime="20220327 18:30:53.852"/>
</kw>
<status status="PASS" starttime="20220327 18:30:52.384" endtime="20220327 18:30:53.852"/>
</kw>
<test id="s1-s1-t1" name="User Can Click On Logo And Divert To Start Page">
<kw name="Go To Web Page" library="keywords">
<kw name="Load Page" library="keywords">
<kw name="Go To" library="SeleniumLibrary">
<arg>${URL}</arg>
<doc>Navigates the current browser window to the provided ``url``.</doc>
<msg timestamp="20220327 18:30:53.853" level="INFO">Opening url 'http://rental13.infotiv.net/webpage/html/gui/index.php'</msg>
<status status="PASS" starttime="20220327 18:30:53.853" endtime="20220327 18:30:54.388"/>
</kw>
<status status="PASS" starttime="20220327 18:30:53.853" endtime="20220327 18:30:54.388"/>
</kw>
<kw name="Verify Page Loaded" library="keywords">
<kw name="Wait Until Page Contains" library="SeleniumLibrary">
<arg>Infotiv Car Rental</arg>
<doc>Waits until ``text`` appears on the current page.</doc>
<status status="PASS" starttime="20220327 18:30:54.389" endtime="20220327 18:30:54.401"/>
</kw>
<status status="PASS" starttime="20220327 18:30:54.388" endtime="20220327 18:30:54.401"/>
</kw>
<status status="PASS" starttime="20220327 18:30:53.852" endtime="20220327 18:30:54.401"/>
</kw>
<kw name="Click On Logo" library="keywords">
<kw name="Click Element" library="SeleniumLibrary">
<arg>//*[@id="logo"]</arg>
<doc>Click the element identified by ``locator``.</doc>
<msg timestamp="20220327 18:30:54.402" level="INFO">Clicking element '//*[@id="logo"]'.</msg>
<status status="PASS" starttime="20220327 18:30:54.402" endtime="20220327 18:30:54.494"/>
</kw>
<status status="PASS" starttime="20220327 18:30:54.402" endtime="20220327 18:30:54.494"/>
</kw>
<kw name="Verify Current URL is startpage" library="keywords">
<kw name="Location Should Be" library="SeleniumLibrary">
<arg>${URL}</arg>
<doc>Verifies that the current URL is exactly ``url``.</doc>
<msg timestamp="20220327 18:30:54.496" level="INFO">Current location is 'http://rental13.infotiv.net/webpage/html/gui/index.php'.</msg>
<status status="PASS" starttime="20220327 18:30:54.494" endtime="20220327 18:30:54.496"/>
</kw>
<status status="PASS" starttime="20220327 18:30:54.494" endtime="20220327 18:30:54.496"/>
</kw>
<doc>This test case verifies the logo are clickable and will take user to the start page.</doc>
<tag>Header</tag>
<status status="PASS" starttime="20220327 18:30:53.852" endtime="20220327 18:30:54.496"/>
</test>
<test id="s1-s1-t2" name="User Can Click Logo On Booking Page And Divert To Start Page">
<kw name="Verify On Booking Page" library="keywords">
<kw name="Location Should Be" library="SeleniumLibrary">
<arg>${URLBOOKING}</arg>
<doc>Verifies that the current URL is exactly ``url``.</doc>
<msg timestamp="20220327 18:30:54.500" level="INFO">Current location is 'http://rental13.infotiv.net/webpage/html/gui/index.php'.</msg>
<status status="PASS" starttime="20220327 18:30:54.497" endtime="20220327 18:30:54.500"/>
</kw>
<status status="PASS" starttime="20220327 18:30:54.497" endtime="20220327 18:30:54.501"/>
</kw>
<kw name="Click On Logo" library="keywords">
<kw name="Click Element" library="SeleniumLibrary">
<arg>//*[@id="logo"]</arg>
<doc>Click the element identified by ``locator``.</doc>
<msg timestamp="20220327 18:30:54.502" level="INFO">Clicking element '//*[@id="logo"]'.</msg>
<status status="PASS" starttime="20220327 18:30:54.501" endtime="20220327 18:30:54.550"/>
</kw>
<status status="PASS" starttime="20220327 18:30:54.501" endtime="20220327 18:30:54.550"/>
</kw>
<kw name="Verify Current URL is startpage" library="keywords">
<kw name="Location Should Be" library="SeleniumLibrary">
<arg>${URL}</arg>
<doc>Verifies that the current URL is exactly ``url``.</doc>
<msg timestamp="20220327 18:30:54.552" level="INFO">Current location is 'http://rental13.infotiv.net/webpage/html/gui/index.php'.</msg>
<status status="PASS" starttime="20220327 18:30:54.551" endtime="20220327 18:30:54.552"/>
</kw>
<status status="PASS" starttime="20220327 18:30:54.551" endtime="20220327 18:30:54.552"/>
</kw>
<doc>This test case verifies the logo are clickable and will take user to the start page.</doc>
<tag>Header</tag>
<status status="PASS" starttime="20220327 18:30:54.496" endtime="20220327 18:30:54.552"/>
</test>
<test id="s1-s1-t3" name="User Can Click Logo Confirm Booking Page And Divert To Start Page">
<kw name="Verify On Confirm Booking Page" library="keywords">
<kw name="Go To" library="SeleniumLibrary">
<arg>${URLCONFIRMBOOKING}</arg>
<doc>Navigates the current browser window to the provided ``url``.</doc>
<msg timestamp="20220327 18:30:54.553" level="INFO">Opening url 'http://rental13.infotiv.net/webpage/html/gui/confirmBook.php'</msg>
<status status="PASS" starttime="20220327 18:30:54.553" endtime="20220327 18:30:54.590"/>
</kw>
<status status="PASS" starttime="20220327 18:30:54.553" endtime="20220327 18:30:54.590"/>
</kw>
<kw name="Click On Logo" library="keywords">
<kw name="Click Element" library="SeleniumLibrary">
<arg>//*[@id="logo"]</arg>
<doc>Click the element identified by ``locator``.</doc>
<msg timestamp="20220327 18:30:54.590" level="INFO">Clicking element '//*[@id="logo"]'.</msg>
<status status="PASS" starttime="20220327 18:30:54.590" endtime="20220327 18:30:54.636"/>
</kw>
<status status="PASS" starttime="20220327 18:30:54.590" endtime="20220327 18:30:54.636"/>
</kw>
<kw name="Verify Current URL is startpage" library="keywords">
<kw name="Location Should Be" library="SeleniumLibrary">
<arg>${URL}</arg>
<doc>Verifies that the current URL is exactly ``url``.</doc>
<msg timestamp="20220327 18:30:54.638" level="INFO">Current location is 'http://rental13.infotiv.net/webpage/html/gui/index.php'.</msg>
<status status="PASS" starttime="20220327 18:30:54.636" endtime="20220327 18:30:54.638"/>
</kw>
<status status="PASS" starttime="20220327 18:30:54.636" endtime="20220327 18:30:54.638"/>
</kw>
<doc>This test case verifies the logo are clickable and will take user to the start page.</doc>
<tag>Header</tag>
<status status="PASS" starttime="20220327 18:30:54.553" endtime="20220327 18:30:54.638"/>
</test>
<test id="s1-s1-t4" name="User Can Click Logo On Show Car Page And Divert To Start Page">
<kw name="Verify On Show Car Page" library="keywords">
<kw name="Go To" library="SeleniumLibrary">
<arg>${URLSHOWCAR}</arg>
<doc>Navigates the current browser window to the provided ``url``.</doc>
<msg timestamp="20220327 18:30:54.638" level="INFO">Opening url 'http://rental13.infotiv.net/webpage/html/gui/showCars.php'</msg>
<status status="PASS" starttime="20220327 18:30:54.638" endtime="20220327 18:30:54.753"/>
</kw>
<status status="PASS" starttime="20220327 18:30:54.638" endtime="20220327 18:30:54.753"/>
</kw>
<kw name="Click On Logo" library="keywords">
<kw name="Click Element" library="SeleniumLibrary">
<arg>//*[@id="logo"]</arg>
<doc>Click the element identified by ``locator``.</doc>
<msg timestamp="20220327 18:30:54.753" level="INFO">Clicking element '//*[@id="logo"]'.</msg>
<status status="PASS" starttime="20220327 18:30:54.753" endtime="20220327 18:30:54.802"/>
</kw>
<status status="PASS" starttime="20220327 18:30:54.753" endtime="20220327 18:30:54.802"/>
</kw>
<kw name="Verify Current URL is startpage" library="keywords">
<kw name="Location Should Be" library="SeleniumLibrary">
<arg>${URL}</arg>
<doc>Verifies that the current URL is exactly ``url``.</doc>
<msg timestamp="20220327 18:30:54.804" level="INFO">Current location is 'http://rental13.infotiv.net/webpage/html/gui/index.php'.</msg>
<status status="PASS" starttime="20220327 18:30:54.802" endtime="20220327 18:30:54.804"/>
</kw>
<status status="PASS" starttime="20220327 18:30:54.802" endtime="20220327 18:30:54.804"/>
</kw>
<doc>This test case verifies the logo are clickable and will take user to the start page.</doc>
<tag>Header</tag>
<status status="PASS" starttime="20220327 18:30:54.638" endtime="20220327 18:30:54.804"/>
</test>
<test id="s1-s1-t5" name="User Can Click Logo On MyPage And Divert To Start Page">
<kw name="Verify On MyPage" library="keywords">
<kw name="Go To" library="SeleniumLibrary">
<arg>${URLMYPAGE}</arg>
<doc>Navigates the current browser window to the provided ``url``.</doc>
<msg timestamp="20220327 18:30:54.805" level="INFO">Opening url 'http://rental13.infotiv.net/webpage/html/gui/myPage.php'</msg>
<status status="PASS" starttime="20220327 18:30:54.805" endtime="20220327 18:30:54.863"/>
</kw>
<status status="PASS" starttime="20220327 18:30:54.805" endtime="20220327 18:30:54.863"/>
</kw>
<kw name="Click On Logo" library="keywords">
<kw name="Click Element" library="SeleniumLibrary">
<arg>//*[@id="logo"]</arg>
<doc>Click the element identified by ``locator``.</doc>
<msg timestamp="20220327 18:30:54.863" level="INFO">Clicking element '//*[@id="logo"]'.</msg>
<status status="PASS" starttime="20220327 18:30:54.863" endtime="20220327 18:30:54.915"/>
</kw>
<status status="PASS" starttime="20220327 18:30:54.863" endtime="20220327 18:30:54.915"/>
</kw>
<kw name="Verify Current URL is startpage" library="keywords">
<kw name="Location Should Be" library="SeleniumLibrary">
<arg>${URL}</arg>
<doc>Verifies that the current URL is exactly ``url``.</doc>
<msg timestamp="20220327 18:30:54.916" level="INFO">Current location is 'http://rental13.infotiv.net/webpage/html/gui/index.php'.</msg>
<status status="PASS" starttime="20220327 18:30:54.915" endtime="20220327 18:30:54.917"/>
</kw>
<status status="PASS" starttime="20220327 18:30:54.915" endtime="20220327 18:30:54.917"/>
</kw>
<doc>This test case verifies the logo are clickable and will take user to the start page.</doc>
<tag>Header</tag>
<status status="PASS" starttime="20220327 18:30:54.805" endtime="20220327 18:30:54.917"/>
</test>
<test id="s1-s1-t6" name="User Can Click On Title And Divert To Start Page">
<kw name="Go To Web Page" library="keywords">
<kw name="Load Page" library="keywords">
<kw name="Go To" library="SeleniumLibrary">
<arg>${URL}</arg>
<doc>Navigates the current browser window to the provided ``url``.</doc>
<msg timestamp="20220327 18:30:54.917" level="INFO">Opening url 'http://rental13.infotiv.net/webpage/html/gui/index.php'</msg>
<status status="PASS" starttime="20220327 18:30:54.917" endtime="20220327 18:30:54.949"/>
</kw>
<status status="PASS" starttime="20220327 18:30:54.917" endtime="20220327 18:30:54.949"/>
</kw>
<kw name="Verify Page Loaded" library="keywords">
<kw name="Wait Until Page Contains" library="SeleniumLibrary">
<arg>Infotiv Car Rental</arg>
<doc>Waits until ``text`` appears on the current page.</doc>
<status status="PASS" starttime="20220327 18:30:54.950" endtime="20220327 18:30:54.953"/>
</kw>
<status status="PASS" starttime="20220327 18:30:54.950" endtime="20220327 18:30:54.953"/>
</kw>
<status status="PASS" starttime="20220327 18:30:54.917" endtime="20220327 18:30:54.954"/>
</kw>
<kw name="Click On Title" library="keywords">
<kw name="Click Element" library="SeleniumLibrary">
<arg>//*[@id="title"]</arg>
<doc>Click the element identified by ``locator``.</doc>
<msg timestamp="20220327 18:30:54.954" level="INFO">Clicking element '//*[@id="title"]'.</msg>
<status status="PASS" starttime="20220327 18:30:54.954" endtime="20220327 18:30:55.011"/>
</kw>
<status status="PASS" starttime="20220327 18:30:54.954" endtime="20220327 18:30:55.011"/>
</kw>
<kw name="Verify Current URL is startpage" library="keywords">
<kw name="Location Should Be" library="SeleniumLibrary">
<arg>${URL}</arg>
<doc>Verifies that the current URL is exactly ``url``.</doc>
<msg timestamp="20220327 18:30:55.013" level="INFO">Current location is 'http://rental13.infotiv.net/webpage/html/gui/index.php'.</msg>
<status status="PASS" starttime="20220327 18:30:55.011" endtime="20220327 18:30:55.013"/>
</kw>
<status status="PASS" starttime="20220327 18:30:55.011" endtime="20220327 18:30:55.013"/>
</kw>
<doc>This test case verifies the title are clickable and will take user to the start page.</doc>
<tag>Header</tag>
<status status="PASS" starttime="20220327 18:30:54.917" endtime="20220327 18:30:55.013"/>
</test>
<test id="s1-s1-t7" name="User Can Click Title On Booking Page And Divert To Start Page">
<kw name="Verify On Booking Page" library="keywords">
<kw name="Location Should Be" library="SeleniumLibrary">
<arg>${URLBOOKING}</arg>
<doc>Verifies that the current URL is exactly ``url``.</doc>
<msg timestamp="20220327 18:30:55.016" level="INFO">Current location is 'http://rental13.infotiv.net/webpage/html/gui/index.php'.</msg>
<status status="PASS" starttime="20220327 18:30:55.013" endtime="20220327 18:30:55.016"/>
</kw>
<status status="PASS" starttime="20220327 18:30:55.013" endtime="20220327 18:30:55.016"/>
</kw>
<kw name="Click On Title" library="keywords">
<kw name="Click Element" library="SeleniumLibrary">
<arg>//*[@id="title"]</arg>
<doc>Click the element identified by ``locator``.</doc>
<msg timestamp="20220327 18:30:55.016" level="INFO">Clicking element '//*[@id="title"]'.</msg>
<status status="PASS" starttime="20220327 18:30:55.016" endtime="20220327 18:30:55.064"/>
</kw>
<status status="PASS" starttime="20220327 18:30:55.016" endtime="20220327 18:30:55.064"/>
</kw>
<kw name="Verify Current URL is startpage" library="keywords">
<kw name="Location Should Be" library="SeleniumLibrary">
<arg>${URL}</arg>
<doc>Verifies that the current URL is exactly ``url``.</doc>
<msg timestamp="20220327 18:30:55.066" level="INFO">Current location is 'http://rental13.infotiv.net/webpage/html/gui/index.php'.</msg>
<status status="PASS" starttime="20220327 18:30:55.064" endtime="20220327 18:30:55.066"/>
</kw>
<status status="PASS" starttime="20220327 18:30:55.064" endtime="20220327 18:30:55.066"/>
</kw>
<doc>This test case verifies the logo are clickable and will take user to the start page.</doc>
<tag>Header</tag>
<status status="PASS" starttime="20220327 18:30:55.013" endtime="20220327 18:30:55.066"/>
</test>
<test id="s1-s1-t8" name="User Can Click Title Confirm Booking Page And Divert To Start Page">
<kw name="Verify On Confirm Booking Page" library="keywords">
<kw name="Go To" library="SeleniumLibrary">
<arg>${URLCONFIRMBOOKING}</arg>
<doc>Navigates the current browser window to the provided ``url``.</doc>
<msg timestamp="20220327 18:30:55.067" level="INFO">Opening url 'http://rental13.infotiv.net/webpage/html/gui/confirmBook.php'</msg>
<status status="PASS" starttime="20220327 18:30:55.067" endtime="20220327 18:30:55.100"/>
</kw>
<status status="PASS" starttime="20220327 18:30:55.067" endtime="20220327 18:30:55.100"/>
</kw>
<kw name="Click On Title" library="keywords">
<kw name="Click Element" library="SeleniumLibrary">
<arg>//*[@id="title"]</arg>
<doc>Click the element identified by ``locator``.</doc>
<msg timestamp="20220327 18:30:55.100" level="INFO">Clicking element '//*[@id="title"]'.</msg>
<status status="PASS" starttime="20220327 18:30:55.100" endtime="20220327 18:30:55.150"/>
</kw>
<status status="PASS" starttime="20220327 18:30:55.100" endtime="20220327 18:30:55.150"/>
</kw>
<kw name="Verify Current URL is startpage" library="keywords">
<kw name="Location Should Be" library="SeleniumLibrary">
<arg>${URL}</arg>
<doc>Verifies that the current URL is exactly ``url``.</doc>
<msg timestamp="20220327 18:30:55.152" level="INFO">Current location is 'http://rental13.infotiv.net/webpage/html/gui/index.php'.</msg>
<status status="PASS" starttime="20220327 18:30:55.150" endtime="20220327 18:30:55.152"/>
</kw>
<status status="PASS" starttime="20220327 18:30:55.150" endtime="20220327 18:30:55.152"/>
</kw>
<doc>This test case verifies the logo are clickable and will take user to the start page.</doc>
<tag>Header</tag>
<status status="PASS" starttime="20220327 18:30:55.066" endtime="20220327 18:30:55.152"/>
</test>
<test id="s1-s1-t9" name="User Can Click Title On Show Car Page And Divert To Start Page">
<kw name="Verify On Show Car Page" library="keywords">
<kw name="Go To" library="SeleniumLibrary">
<arg>${URLSHOWCAR}</arg>
<doc>Navigates the current browser window to the provided ``url``.</doc>
<msg timestamp="20220327 18:30:55.153" level="INFO">Opening url 'http://rental13.infotiv.net/webpage/html/gui/showCars.php'</msg>
<status status="PASS" starttime="20220327 18:30:55.153" endtime="20220327 18:30:55.188"/>
</kw>
<status status="PASS" starttime="20220327 18:30:55.152" endtime="20220327 18:30:55.188"/>
</kw>
<kw name="Click On Title" library="keywords">
<kw name="Click Element" library="SeleniumLibrary">
<arg>//*[@id="title"]</arg>
<doc>Click the element identified by ``locator``.</doc>
<msg timestamp="20220327 18:30:55.188" level="INFO">Clicking element '//*[@id="title"]'.</msg>
<status status="PASS" starttime="20220327 18:30:55.188" endtime="20220327 18:30:55.234"/>
</kw>
<status status="PASS" starttime="20220327 18:30:55.188" endtime="20220327 18:30:55.234"/>
</kw>
<kw name="Verify Current URL is startpage" library="keywords">
<kw name="Location Should Be" library="SeleniumLibrary">
<arg>${URL}</arg>
<doc>Verifies that the current URL is exactly ``url``.</doc>
<msg timestamp="20220327 18:30:55.236" level="INFO">Current location is 'http://rental13.infotiv.net/webpage/html/gui/index.php'.</msg>
<status status="PASS" starttime="20220327 18:30:55.234" endtime="20220327 18:30:55.236"/>
</kw>
<status status="PASS" starttime="20220327 18:30:55.234" endtime="20220327 18:30:55.236"/>
</kw>
<doc>This test case verifies the logo are clickable and will take user to the start page.</doc>
<tag>Header</tag>
<status status="PASS" starttime="20220327 18:30:55.152" endtime="20220327 18:30:55.236"/>
</test>
<test id="s1-s1-t10" name="User Can Click Title On MyPage And Divert To Start Page">
<kw name="Verify On MyPage" library="keywords">
<kw name="Go To" library="SeleniumLibrary">
<arg>${URLMYPAGE}</arg>
<doc>Navigates the current browser window to the provided ``url``.</doc>
<msg timestamp="20220327 18:30:55.237" level="INFO">Opening url 'http://rental13.infotiv.net/webpage/html/gui/myPage.php'</msg>
<status status="PASS" starttime="20220327 18:30:55.237" endtime="20220327 18:30:55.268"/>
</kw>
<status status="PASS" starttime="20220327 18:30:55.237" endtime="20220327 18:30:55.268"/>
</kw>
<kw name="Click On Title" library="keywords">
<kw name="Click Element" library="SeleniumLibrary">
<arg>//*[@id="title"]</arg>
<doc>Click the element identified by ``locator``.</doc>
<msg timestamp="20220327 18:30:55.268" level="INFO">Clicking element '//*[@id="title"]'.</msg>
<status status="PASS" starttime="20220327 18:30:55.268" endtime="20220327 18:30:55.315"/>
</kw>
<status status="PASS" starttime="20220327 18:30:55.268" endtime="20220327 18:30:55.315"/>
</kw>
<kw name="Verify Current URL is startpage" library="keywords">
<kw name="Location Should Be" library="SeleniumLibrary">
<arg>${URL}</arg>
<doc>Verifies that the current URL is exactly ``url``.</doc>
<msg timestamp="20220327 18:30:55.317" level="INFO">Current location is 'http://rental13.infotiv.net/webpage/html/gui/index.php'.</msg>
<status status="PASS" starttime="20220327 18:30:55.315" endtime="20220327 18:30:55.317"/>
</kw>
<status status="PASS" starttime="20220327 18:30:55.315" endtime="20220327 18:30:55.317"/>
</kw>
<doc>This test case verifies the logo are clickable and will take user to the start page.</doc>
<tag>Header</tag>
<status status="PASS" starttime="20220327 18:30:55.237" endtime="20220327 18:30:55.317"/>
</test>
<test id="s1-s1-t11" name="Verify Start Date In Date Selection">
<kw name="Go To Web Page" library="keywords">
<kw name="Load Page" library="keywords">
<kw name="Go To" library="SeleniumLibrary">
<arg>${URL}</arg>
<doc>Navigates the current browser window to the provided ``url``.</doc>
<msg timestamp="20220327 18:30:55.318" level="INFO">Opening url 'http://rental13.infotiv.net/webpage/html/gui/index.php'</msg>
<status status="PASS" starttime="20220327 18:30:55.318" endtime="20220327 18:30:55.349"/>
</kw>
<status status="PASS" starttime="20220327 18:30:55.318" endtime="20220327 18:30:55.349"/>
</kw>
<kw name="Verify Page Loaded" library="keywords">
<kw name="Wait Until Page Contains" library="SeleniumLibrary">
<arg>Infotiv Car Rental</arg>
<doc>Waits until ``text`` appears on the current page.</doc>
<status status="PASS" starttime="20220327 18:30:55.349" endtime="20220327 18:30:55.353"/>
</kw>
<status status="PASS" starttime="20220327 18:30:55.349" endtime="20220327 18:30:55.353"/>
</kw>
<status status="PASS" starttime="20220327 18:30:55.318" endtime="20220327 18:30:55.353"/>
</kw>
<kw name="Verify Earliest Selectable Date Is Today" library="keywords">
<kw name="Get Current Date" library="DateTime">
<var>${CurrentDate}</var>
<arg>result_format=%Y-%m-%d</arg>
<doc>Returns current local or UTC time with an optional increment.</doc>
<msg timestamp="20220327 18:30:55.353" level="INFO">${CurrentDate} = 2022-03-27</msg>
<status status="PASS" starttime="20220327 18:30:55.353" endtime="20220327 18:30:55.353"/>
</kw>
<kw name="Get Element Attribute" library="SeleniumLibrary">
<var>${EarliestDate}</var>
<arg>id:start</arg>
<arg>min</arg>
<doc>Returns the value of ``attribute`` from the element ``locator``.</doc>
<msg timestamp="20220327 18:30:55.367" level="INFO">${EarliestDate} = 2022-03-27</msg>
<status status="PASS" starttime="20220327 18:30:55.353" endtime="20220327 18:30:55.367"/>
</kw>
<kw name="Should Be Equal" library="BuiltIn">
<arg>${CurrentDate}</arg>
<arg>${EarliestDate}</arg>
<doc>Fails if the given objects are unequal.</doc>
<status status="PASS" starttime="20220327 18:30:55.368" endtime="20220327 18:30:55.368"/>
</kw>
<kw name="Log" library="BuiltIn">
<arg>${EarliestDate}</arg>
<doc>Logs the given message with the given level.</doc>
<msg timestamp="20220327 18:30:55.368" level="INFO">2022-03-27</msg>
<status status="PASS" starttime="20220327 18:30:55.368" endtime="20220327 18:30:55.368"/>
</kw>
<status status="PASS" starttime="20220327 18:30:55.353" endtime="20220327 18:30:55.368"/>
</kw>
<doc>This test case verifies the start date on date selection</doc>
<tag>Date Selection</tag>
<status status="PASS" starttime="20220327 18:30:55.317" endtime="20220327 18:30:55.368"/>
</test>
<test id="s1-s1-t12" name="Verify Booking Flow For A login User">
<kw name="Given User Is On Start Page" library="keywords">
<kw name="Verify Current URL is startpage" library="keywords">
<kw name="Location Should Be" library="SeleniumLibrary">
<arg>${URL}</arg>
<doc>Verifies that the current URL is exactly ``url``.</doc>
<msg timestamp="20220327 18:30:55.370" level="INFO">Current location is 'http://rental13.infotiv.net/webpage/html/gui/index.php'.</msg>
<status status="PASS" starttime="20220327 18:30:55.368" endtime="20220327 18:30:55.370"/>
</kw>
<status status="PASS" starttime="20220327 18:30:55.368" endtime="20220327 18:30:55.370"/>
</kw>
<kw name="Verify Login Possibility" library="keywords">
<kw name="Page Should Contain Button" library="SeleniumLibrary">
<arg>//*[@id="login"]</arg>
<doc>Verifies button ``locator`` is found from current page.</doc>
<msg timestamp="20220327 18:30:55.380" level="INFO">Current page contains button '//*[@id="login"]'.</msg>
<status status="PASS" starttime="20220327 18:30:55.370" endtime="20220327 18:30:55.380"/>
</kw>
<status status="PASS" starttime="20220327 18:30:55.370" endtime="20220327 18:30:55.380"/>
</kw>
<status status="PASS" starttime="20220327 18:30:55.368" endtime="20220327 18:30:55.380"/>
</kw>
<kw name="When User Login With Credential" library="keywords">
<kw name="Input Text" library="SeleniumLibrary">
<arg>id:email</arg>
<arg>${USER}</arg>
<doc>Types the given ``text`` into the text field identified by ``locator``.</doc>
<msg timestamp="20220327 18:30:55.381" level="INFO">Typing text 'tester@test.com' into text field 'id:email'.</msg>
<status status="PASS" starttime="20220327 18:30:55.381" endtime="20220327 18:30:55.435"/>
</kw>
<kw name="Input Text" library="SeleniumLibrary">
<arg>id:password</arg>
<arg>${PASSWORD}</arg>
<doc>Types the given ``text`` into the text field identified by ``locator``.</doc>
<msg timestamp="20220327 18:30:55.436" level="INFO">Typing text 'testing123' into text field 'id:password'.</msg>
<status status="PASS" starttime="20220327 18:30:55.435" endtime="20220327 18:30:55.465"/>
</kw>
<kw name="Click Button" library="SeleniumLibrary">
<arg>//*[@id="login"]</arg>
<doc>Clicks the button identified by ``locator``.</doc>
<msg timestamp="20220327 18:30:55.465" level="INFO">Clicking button '//*[@id="login"]'.</msg>
<status status="PASS" starttime="20220327 18:30:55.465" endtime="20220327 18:30:55.624"/>
</kw>
<kw name="Verify Successful Login" library="keywords">
<kw name="Page Should Contain Button" library="SeleniumLibrary">
<arg>//*[@id="logout"]</arg>
<doc>Verifies button ``locator`` is found from current page.</doc>
<msg timestamp="20220327 18:30:55.646" level="INFO">Current page contains button '//*[@id="logout"]'.</msg>
<status status="PASS" starttime="20220327 18:30:55.625" endtime="20220327 18:30:55.646"/>
</kw>
<status status="PASS" starttime="20220327 18:30:55.625" endtime="20220327 18:30:55.646"/>
</kw>
<kw name="Sleep" library="BuiltIn">
<arg>1s</arg>
<doc>Pauses the test executed for the given time.</doc>
<msg timestamp="20220327 18:30:56.647" level="INFO">Slept 1 second</msg>
<status status="PASS" starttime="20220327 18:30:55.646" endtime="20220327 18:30:56.647"/>
</kw>
<status status="PASS" starttime="20220327 18:30:55.380" endtime="20220327 18:30:56.648"/>
</kw>
<kw name="Then User Can Complete Booking" library="keywords">
<kw name="Verify On Booking Page" library="keywords">
<kw name="Location Should Be" library="SeleniumLibrary">
<arg>${URLBOOKING}</arg>
<doc>Verifies that the current URL is exactly ``url``.</doc>
<msg timestamp="20220327 18:30:56.653" level="INFO">Current location is 'http://rental13.infotiv.net/webpage/html/gui/index.php'.</msg>
<status status="PASS" starttime="20220327 18:30:56.649" endtime="20220327 18:30:56.653"/>
</kw>
<status status="PASS" starttime="20220327 18:30:56.649" endtime="20220327 18:30:56.653"/>
</kw>
<kw name="Click Element" library="SeleniumLibrary">
<arg>//*[@id="continue"]</arg>
<doc>Click the element identified by ``locator``.</doc>
<msg timestamp="20220327 18:30:56.654" level="INFO">Clicking element '//*[@id="continue"]'.</msg>
<status status="PASS" starttime="20220327 18:30:56.653" endtime="20220327 18:30:56.736"/>
</kw>
<kw name="Click Button" library="SeleniumLibrary">
<arg>//*[@id="bookQ7pass7"]</arg>
<doc>Clicks the button identified by ``locator``.</doc>
<msg timestamp="20220327 18:30:56.736" level="INFO">Clicking button '//*[@id="bookQ7pass7"]'.</msg>
<status status="PASS" starttime="20220327 18:30:56.736" endtime="20220327 18:30:56.869"/>
</kw>
<kw name="Sleep" library="BuiltIn">
<arg>1s</arg>
<doc>Pauses the test executed for the given time.</doc>
<msg timestamp="20220327 18:30:57.871" level="INFO">Slept 1 second</msg>
<status status="PASS" starttime="20220327 18:30:56.869" endtime="20220327 18:30:57.871"/>
</kw>
<kw name="Input Card Details" library="keywords">
<kw name="Input Text" library="SeleniumLibrary">
<arg>//*[@id="cardNum"]</arg>
<arg>1234567891011121</arg>
<doc>Types the given ``text`` into the text field identified by ``locator``.</doc>
<msg timestamp="20220327 18:30:57.873" level="INFO">Typing text '1234567891011121' into text field '//*[@id="cardNum"]'.</msg>
<status status="PASS" starttime="20220327 18:30:57.872" endtime="20220327 18:30:57.915"/>
</kw>
<kw name="Input Text" library="SeleniumLibrary">
<arg>//*[@id="fullName"]</arg>
<arg>Tammy Tester</arg>
<doc>Types the given ``text`` into the text field identified by ``locator``.</doc>
<msg timestamp="20220327 18:30:57.915" level="INFO">Typing text 'Tammy Tester' into text field '//*[@id="fullName"]'.</msg>
<status status="PASS" starttime="20220327 18:30:57.915" endtime="20220327 18:30:57.951"/>
</kw>
<kw name="Input Text" library="SeleniumLibrary">
<arg>//*[@id="cvc"]</arg>
<arg>123</arg>
<doc>Types the given ``text`` into the text field identified by ``locator``.</doc>
<msg timestamp="20220327 18:30:57.952" level="INFO">Typing text '123' into text field '//*[@id="cvc"]'.</msg>
<status status="PASS" starttime="20220327 18:30:57.951" endtime="20220327 18:30:57.981"/>
</kw>
<kw name="Sleep" library="BuiltIn">
<arg>1s</arg>
<doc>Pauses the test executed for the given time.</doc>
<msg timestamp="20220327 18:30:58.983" level="INFO">Slept 1 second</msg>
<status status="PASS" starttime="20220327 18:30:57.981" endtime="20220327 18:30:58.983"/>
</kw>
<kw name="Click Button" library="SeleniumLibrary">
<arg>//*[@id="confirm"]</arg>
<doc>Clicks the button identified by ``locator``.</doc>
<msg timestamp="20220327 18:30:58.985" level="INFO">Clicking button '//*[@id="confirm"]'.</msg>
<status status="PASS" starttime="20220327 18:30:58.984" endtime="20220327 18:30:59.080"/>
</kw>
<status status="PASS" starttime="20220327 18:30:57.871" endtime="20220327 18:30:59.080"/>
</kw>
<kw name="Sleep" library="BuiltIn">
<arg>1s</arg>
<doc>Pauses the test executed for the given time.</doc>
<msg timestamp="20220327 18:31:00.083" level="INFO">Slept 1 second</msg>
<status status="PASS" starttime="20220327 18:30:59.080" endtime="20220327 18:31:00.083"/>
</kw>
<kw name="Verify Booking Is Completed" library="keywords">
<kw name="Wait Until Page Contains Element" library="SeleniumLibrary">
<arg>id:confirmMessage</arg>
<doc>Waits until the element ``locator`` appears on the current page.</doc>
<status status="PASS" starttime="20220327 18:31:00.084" endtime="20220327 18:31:00.095"/>
</kw>
<status status="PASS" starttime="20220327 18:31:00.083" endtime="20220327 18:31:00.095"/>
</kw>
<kw name="Sleep" library="BuiltIn">
<arg>1s</arg>
<doc>Pauses the test executed for the given time.</doc>
<msg timestamp="20220327 18:31:01.095" level="INFO">Slept 1 second</msg>
<status status="PASS" starttime="20220327 18:31:00.095" endtime="20220327 18:31:01.096"/>
</kw>
<kw name="To Clear Booking Item" library="keywords">
<kw name="Click Button" library="SeleniumLibrary">
<arg>//*[@id="mypage"]</arg>
<doc>Clicks the button identified by ``locator``.</doc>
<msg timestamp="20220327 18:31:01.096" level="INFO">Clicking button '//*[@id="mypage"]'.</msg>
<status status="PASS" starttime="20220327 18:31:01.096" endtime="20220327 18:31:01.166"/>
</kw>
<kw name="Verify On MyPage" library="keywords">
<kw name="Go To" library="SeleniumLibrary">
<arg>${URLMYPAGE}</arg>
<doc>Navigates the current browser window to the provided ``url``.</doc>
<msg timestamp="20220327 18:31:01.166" level="INFO">Opening url 'http://rental13.infotiv.net/webpage/html/gui/myPage.php'</msg>
<status status="PASS" starttime="20220327 18:31:01.166" endtime="20220327 18:31:01.202"/>
</kw>
<status status="PASS" starttime="20220327 18:31:01.166" endtime="20220327 18:31:01.202"/>
</kw>
<kw name="Wait Until Page Contains Element" library="SeleniumLibrary">
<arg>//*[@id="unBook1"]</arg>
<doc>Waits until the element ``locator`` appears on the current page.</doc>
<status status="PASS" starttime="20220327 18:31:01.202" endtime="20220327 18:31:01.209"/>
</kw>
<kw name="Click Button" library="SeleniumLibrary">
<arg>//*[@id="unBook1"]</arg>
<doc>Clicks the button identified by ``locator``.</doc>
<msg timestamp="20220327 18:31:01.209" level="INFO">Clicking button '//*[@id="unBook1"]'.</msg>
<status status="PASS" starttime="20220327 18:31:01.209" endtime="20220327 18:31:01.231"/>
</kw>
<kw name="Sleep" library="BuiltIn">
<arg>2s</arg>
<doc>Pauses the test executed for the given time.</doc>
<msg timestamp="20220327 18:31:03.232" level="INFO">Slept 2 seconds</msg>
<status status="PASS" starttime="20220327 18:31:01.231" endtime="20220327 18:31:03.232"/>
</kw>
<kw name="Handle Alert" library="SeleniumLibrary">
<arg>action=ACCEPT</arg>
<arg>timeout=2s</arg>
<doc>Handles the current alert and returns its message.</doc>
<msg timestamp="20220327 18:31:03.234" level="INFO">HANDLE::&lt;class 'datetime.timedelta'&gt;::0:00:02</msg>
<status status="PASS" starttime="20220327 18:31:03.233" endtime="20220327 18:31:03.238"/>
</kw>
<status status="PASS" starttime="20220327 18:31:01.096" endtime="20220327 18:31:03.238"/>
</kw>
<kw name="Sleep" library="BuiltIn">
<arg>1s</arg>
<doc>Pauses the test executed for the given time.</doc>
<msg timestamp="20220327 18:31:04.239" level="INFO">Slept 1 second</msg>
<status status="PASS" starttime="20220327 18:31:03.239" endtime="20220327 18:31:04.240"/>
</kw>
<kw name="Logout From Web Page" library="keywords">
<kw name="Click Button" library="SeleniumLibrary">
<arg>//*[@id="logout"]</arg>
<doc>Clicks the button identified by ``locator``.</doc>
<msg timestamp="20220327 18:31:04.242" level="INFO">Clicking button '//*[@id="logout"]'.</msg>
<status status="PASS" starttime="20220327 18:31:04.241" endtime="20220327 18:31:04.362"/>
</kw>
<status status="PASS" starttime="20220327 18:31:04.240" endtime="20220327 18:31:04.362"/>
</kw>
<status status="PASS" starttime="20220327 18:30:56.648" endtime="20220327 18:31:04.362"/>
</kw>
<doc>This test case verifies the navigation flow of the booking</doc>
<tag>VG_test</tag>
<status status="PASS" starttime="20220327 18:30:55.368" endtime="20220327 18:31:04.362"/>
</test>
<kw name="End Web Test" library="keywords" type="TEARDOWN">
<kw name="Close Browser" library="SeleniumLibrary">
<doc>Closes the current browser.</doc>
<status status="PASS" starttime="20220327 18:31:04.363" endtime="20220327 18:31:04.426"/>
</kw>
<status status="PASS" starttime="20220327 18:31:04.363" endtime="20220327 18:31:04.426"/>
</kw>
<doc>Some basic information about the whole test suite</doc>
<status status="PASS" starttime="20220327 18:30:52.221" endtime="20220327 18:31:04.426"/>
</suite>
<status status="PASS" starttime="20220327 18:30:52.212" endtime="20220327 18:31:04.428"/>
</suite>
<statistics>
<total>
<stat pass="12" fail="0" skip="0">All Tests</stat>
</total>
<tag>
<stat pass="1" fail="0" skip="0">Date Selection</stat>
<stat pass="10" fail="0" skip="0">Header</stat>
<stat pass="1" fail="0" skip="0">VG_test</stat>
</tag>
<suite>
<stat pass="12" fail="0" skip="0" id="s1" name="Tests">Tests</stat>
<stat pass="12" fail="0" skip="0" id="s1-s1" name="Webtest">Tests.Webtest</stat>
</suite>
</statistics>
<errors>
</errors>
</robot>
